0 info it worked if it ends with ok
1 verbose cli [ 'C:\\Program Files (x86)\\nodejs\\node.exe',
1 verbose cli   'C:\\Program Files (x86)\\nodejs\\node_modules\\npm\\bin\\npm-cli.js',
1 verbose cli   'install',
1 verbose cli   'sweetalert' ]
2 info using npm@3.3.12
3 info using node@v5.5.0
4 silly loadCurrentTree Starting
5 silly install loadCurrentTree
6 silly install readLocalPackageData
7 silly fetchPackageMetaData sweetalert@^1.1.3
8 silly fetchNamedPackageData sweetalert
9 silly mapToRegistry name sweetalert
10 silly mapToRegistry using default registry
11 silly mapToRegistry registry https://registry.npmjs.org/
12 silly mapToRegistry uri https://registry.npmjs.org/sweetalert
13 verbose request uri https://registry.npmjs.org/sweetalert
14 verbose request no auth needed
15 info attempt registry request try #1 at 10:56:03
16 verbose request id 40119f78e6b1cbb1
17 verbose etag "8APTHXCUMA7NBVSBNEWPOY2G3"
18 http request GET https://registry.npmjs.org/sweetalert
19 http 304 https://registry.npmjs.org/sweetalert
20 verbose headers { date: 'Tue, 19 Jul 2016 15:56:03 GMT',
20 verbose headers   via: '1.1 varnish',
20 verbose headers   'cache-control': 'max-age=300',
20 verbose headers   etag: '"8APTHXCUMA7NBVSBNEWPOY2G3"',
20 verbose headers   age: '0',
20 verbose headers   connection: 'keep-alive',
20 verbose headers   'x-served-by': 'cache-mia1321-MIA',
20 verbose headers   'x-cache': 'MISS',
20 verbose headers   'x-cache-hits': '0',
20 verbose headers   'x-timer': 'S1468943763.358128,VS0,VE379',
20 verbose headers   vary: 'Accept-Encoding' }
21 silly get cb [ 304,
21 silly get   { date: 'Tue, 19 Jul 2016 15:56:03 GMT',
21 silly get     via: '1.1 varnish',
21 silly get     'cache-control': 'max-age=300',
21 silly get     etag: '"8APTHXCUMA7NBVSBNEWPOY2G3"',
21 silly get     age: '0',
21 silly get     connection: 'keep-alive',
21 silly get     'x-served-by': 'cache-mia1321-MIA',
21 silly get     'x-cache': 'MISS',
21 silly get     'x-cache-hits': '0',
21 silly get     'x-timer': 'S1468943763.358128,VS0,VE379',
21 silly get     vary: 'Accept-Encoding' } ]
22 verbose etag https://registry.npmjs.org/sweetalert from cache
23 verbose get saving sweetalert to C:\Users\Director Desarrollo\AppData\Roaming\npm-cache\registry.npmjs.org\sweetalert\.cache.json
24 silly install normalizeTree
25 silly loadCurrentTree Finishing
26 silly loadIdealTree Starting
27 silly install loadIdealTree
28 silly cloneCurrentTree Starting
29 silly install cloneCurrentTreeToIdealTree
30 silly cloneCurrentTree Finishing
31 silly loadShrinkwrap Starting
32 silly install loadShrinkwrap
33 silly loadShrinkwrap Finishing
34 silly loadAllDepsIntoIdealTree Starting
35 silly install loadAllDepsIntoIdealTree
36 silly resolveWithNewModule sweetalert@1.1.3 checking installable status
37 silly cache add args [ 'sweetalert@^1.1.3', null ]
38 verbose cache add spec sweetalert@^1.1.3
39 silly cache add parsed spec Result {
39 silly cache add   raw: 'sweetalert@^1.1.3',
39 silly cache add   scope: null,
39 silly cache add   name: 'sweetalert',
39 silly cache add   rawSpec: '^1.1.3',
39 silly cache add   spec: '>=1.1.3 <2.0.0',
39 silly cache add   type: 'range' }
40 silly addNamed sweetalert@>=1.1.3 <2.0.0
41 verbose addNamed ">=1.1.3 <2.0.0" is a valid semver range for sweetalert
42 silly addNameRange { name: 'sweetalert', range: '>=1.1.3 <2.0.0', hasData: false }
43 silly mapToRegistry name sweetalert
44 silly mapToRegistry using default registry
45 silly mapToRegistry registry https://registry.npmjs.org/
46 silly mapToRegistry uri https://registry.npmjs.org/sweetalert
47 verbose addNameRange registry:https://registry.npmjs.org/sweetalert not in flight; fetching
48 verbose get https://registry.npmjs.org/sweetalert not expired, no request
49 silly addNameRange number 2 { name: 'sweetalert', range: '>=1.1.3 <2.0.0', hasData: true }
50 silly addNameRange versions [ 'sweetalert',
50 silly addNameRange   [ '0.4.2',
50 silly addNameRange     '0.5.0',
50 silly addNameRange     '1.0.0-beta',
50 silly addNameRange     '1.0.0',
50 silly addNameRange     '1.0.1',
50 silly addNameRange     '1.1.0',
50 silly addNameRange     '1.1.1',
50 silly addNameRange     '1.1.2',
50 silly addNameRange     '1.1.3' ] ]
51 silly addNamed sweetalert@1.1.3
52 verbose addNamed "1.1.3" is a plain semver version for sweetalert
53 silly cache afterAdd sweetalert@1.1.3
54 verbose afterAdd C:\Users\Director Desarrollo\AppData\Roaming\npm-cache\sweetalert\1.1.3\package\package.json not in flight; writing
55 verbose afterAdd C:\Users\Director Desarrollo\AppData\Roaming\npm-cache\sweetalert\1.1.3\package\package.json written
56 silly loadAllDepsIntoIdealTree Finishing
57 silly idealTree:prePrune server2@1.0.0
57 silly idealTree:prePrune ├── accepts@1.3.3
57 silly idealTree:prePrune ├── after@0.8.1
57 silly idealTree:prePrune ├── array-flatten@1.1.1
57 silly idealTree:prePrune ├── arraybuffer.slice@0.0.6
57 silly idealTree:prePrune ├── backo2@1.0.2
57 silly idealTree:prePrune ├── base64-arraybuffer@0.1.2
57 silly idealTree:prePrune ├── base64id@0.1.0
57 silly idealTree:prePrune ├── benchmark@1.0.0
57 silly idealTree:prePrune ├── better-assert@1.0.2
57 silly idealTree:prePrune ├── blob@0.0.4
57 silly idealTree:prePrune ├── callsite@1.0.0
57 silly idealTree:prePrune ├── component-bind@1.0.0
57 silly idealTree:prePrune ├── component-emitter@1.1.2
57 silly idealTree:prePrune ├── component-inherit@0.0.3
57 silly idealTree:prePrune ├── content-disposition@0.5.1
57 silly idealTree:prePrune ├── content-type@1.0.2
57 silly idealTree:prePrune ├── cookie-signature@1.0.6
57 silly idealTree:prePrune ├── cookie@0.3.1
57 silly idealTree:prePrune ├── debug@2.2.0
57 silly idealTree:prePrune ├── depd@1.1.0
57 silly idealTree:prePrune ├── destroy@1.0.4
57 silly idealTree:prePrune ├── ee-first@1.1.1
57 silly idealTree:prePrune ├── encodeurl@1.0.1
57 silly idealTree:prePrune ├─┬ engine.io-client@1.6.11
57 silly idealTree:prePrune │ └── ws@1.0.1
57 silly idealTree:prePrune ├─┬ engine.io-parser@1.2.4
57 silly idealTree:prePrune │ └── has-binary@0.1.6
57 silly idealTree:prePrune ├─┬ engine.io@1.6.11
57 silly idealTree:prePrune │ ├── accepts@1.1.4
57 silly idealTree:prePrune │ ├── mime-db@1.12.0
57 silly idealTree:prePrune │ ├── mime-types@2.0.14
57 silly idealTree:prePrune │ └── negotiator@0.4.9
57 silly idealTree:prePrune ├── escape-html@1.0.3
57 silly idealTree:prePrune ├── etag@1.7.0
57 silly idealTree:prePrune ├── express@4.14.0
57 silly idealTree:prePrune ├── finalhandler@0.5.0
57 silly idealTree:prePrune ├── forwarded@0.1.0
57 silly idealTree:prePrune ├── fresh@0.3.0
57 silly idealTree:prePrune ├── has-binary@0.1.7
57 silly idealTree:prePrune ├── has-cors@1.1.0
57 silly idealTree:prePrune ├── http-errors@1.5.0
57 silly idealTree:prePrune ├── indexof@0.0.1
57 silly idealTree:prePrune ├── inherits@2.0.1
57 silly idealTree:prePrune ├── ipaddr.js@1.1.1
57 silly idealTree:prePrune ├── isarray@0.0.1
57 silly idealTree:prePrune ├── json3@3.2.6
57 silly idealTree:prePrune ├── media-typer@0.3.0
57 silly idealTree:prePrune ├── merge-descriptors@1.0.1
57 silly idealTree:prePrune ├── methods@1.1.2
57 silly idealTree:prePrune ├── mime-db@1.23.0
57 silly idealTree:prePrune ├── mime-types@2.1.11
57 silly idealTree:prePrune ├── mime@1.3.4
57 silly idealTree:prePrune ├── ms@0.7.1
57 silly idealTree:prePrune ├── negotiator@0.6.1
57 silly idealTree:prePrune ├── object-component@0.0.3
57 silly idealTree:prePrune ├── on-finished@2.3.0
57 silly idealTree:prePrune ├── options@0.0.6
57 silly idealTree:prePrune ├── parsejson@0.0.1
57 silly idealTree:prePrune ├── parseqs@0.0.2
57 silly idealTree:prePrune ├── parseuri@0.0.4
57 silly idealTree:prePrune ├── parseurl@1.3.1
57 silly idealTree:prePrune ├── path-to-regexp@0.1.7
57 silly idealTree:prePrune ├── proxy-addr@1.1.2
57 silly idealTree:prePrune ├── qs@6.2.0
57 silly idealTree:prePrune ├── range-parser@1.2.0
57 silly idealTree:prePrune ├── send@0.14.1
57 silly idealTree:prePrune ├── serve-static@1.11.1
57 silly idealTree:prePrune ├── setprototypeof@1.0.1
57 silly idealTree:prePrune ├─┬ socket.io-adapter@0.4.0
57 silly idealTree:prePrune │ └─┬ socket.io-parser@2.2.2
57 silly idealTree:prePrune │   └── debug@0.7.4
57 silly idealTree:prePrune ├─┬ socket.io-client@1.4.8
57 silly idealTree:prePrune │ └── component-emitter@1.2.0
57 silly idealTree:prePrune ├─┬ socket.io-parser@2.2.6
57 silly idealTree:prePrune │ └── json3@3.3.2
57 silly idealTree:prePrune ├── socket.io@1.4.8
57 silly idealTree:prePrune ├── statuses@1.3.0
57 silly idealTree:prePrune ├── sweetalert@1.1.3
57 silly idealTree:prePrune ├── to-array@0.1.4
57 silly idealTree:prePrune ├── type-is@1.6.13
57 silly idealTree:prePrune ├── ultron@1.0.2
57 silly idealTree:prePrune ├── unpipe@1.0.0
57 silly idealTree:prePrune ├── utf8@2.1.0
57 silly idealTree:prePrune ├── utils-merge@1.0.0
57 silly idealTree:prePrune ├── vary@1.1.0
57 silly idealTree:prePrune ├── ws@1.1.0
57 silly idealTree:prePrune ├── xmlhttprequest-ssl@1.5.1
57 silly idealTree:prePrune └── yeast@0.1.2
58 silly loadIdealTree Finishing
59 silly currentTree server2@1.0.0
59 silly currentTree ├── accepts@1.3.3
59 silly currentTree ├── after@0.8.1
59 silly currentTree ├── array-flatten@1.1.1
59 silly currentTree ├── arraybuffer.slice@0.0.6
59 silly currentTree ├── backo2@1.0.2
59 silly currentTree ├── base64-arraybuffer@0.1.2
59 silly currentTree ├── base64id@0.1.0
59 silly currentTree ├── benchmark@1.0.0
59 silly currentTree ├── better-assert@1.0.2
59 silly currentTree ├── blob@0.0.4
59 silly currentTree ├── callsite@1.0.0
59 silly currentTree ├── component-bind@1.0.0
59 silly currentTree ├── component-emitter@1.1.2
59 silly currentTree ├── component-inherit@0.0.3
59 silly currentTree ├── content-disposition@0.5.1
59 silly currentTree ├── content-type@1.0.2
59 silly currentTree ├── cookie-signature@1.0.6
59 silly currentTree ├── cookie@0.3.1
59 silly currentTree ├── debug@2.2.0
59 silly currentTree ├── depd@1.1.0
59 silly currentTree ├── destroy@1.0.4
59 silly currentTree ├── ee-first@1.1.1
59 silly currentTree ├── encodeurl@1.0.1
59 silly currentTree ├─┬ engine.io-client@1.6.11
59 silly currentTree │ └── ws@1.0.1
59 silly currentTree ├─┬ engine.io-parser@1.2.4
59 silly currentTree │ └── has-binary@0.1.6
59 silly currentTree ├─┬ engine.io@1.6.11
59 silly currentTree │ ├── accepts@1.1.4
59 silly currentTree │ ├── mime-db@1.12.0
59 silly currentTree │ ├── mime-types@2.0.14
59 silly currentTree │ └── negotiator@0.4.9
59 silly currentTree ├── escape-html@1.0.3
59 silly currentTree ├── etag@1.7.0
59 silly currentTree ├── express@4.14.0
59 silly currentTree ├── finalhandler@0.5.0
59 silly currentTree ├── forwarded@0.1.0
59 silly currentTree ├── fresh@0.3.0
59 silly currentTree ├── has-binary@0.1.7
59 silly currentTree ├── has-cors@1.1.0
59 silly currentTree ├── http-errors@1.5.0
59 silly currentTree ├── indexof@0.0.1
59 silly currentTree ├── inherits@2.0.1
59 silly currentTree ├── ipaddr.js@1.1.1
59 silly currentTree ├── isarray@0.0.1
59 silly currentTree ├── json3@3.2.6
59 silly currentTree ├── media-typer@0.3.0
59 silly currentTree ├── merge-descriptors@1.0.1
59 silly currentTree ├── methods@1.1.2
59 silly currentTree ├── mime-db@1.23.0
59 silly currentTree ├── mime-types@2.1.11
59 silly currentTree ├── mime@1.3.4
59 silly currentTree ├── ms@0.7.1
59 silly currentTree ├── negotiator@0.6.1
59 silly currentTree ├── object-component@0.0.3
59 silly currentTree ├── on-finished@2.3.0
59 silly currentTree ├── options@0.0.6
59 silly currentTree ├── parsejson@0.0.1
59 silly currentTree ├── parseqs@0.0.2
59 silly currentTree ├── parseuri@0.0.4
59 silly currentTree ├── parseurl@1.3.1
59 silly currentTree ├── path-to-regexp@0.1.7
59 silly currentTree ├── proxy-addr@1.1.2
59 silly currentTree ├── qs@6.2.0
59 silly currentTree ├── range-parser@1.2.0
59 silly currentTree ├── send@0.14.1
59 silly currentTree ├── serve-static@1.11.1
59 silly currentTree ├── setprototypeof@1.0.1
59 silly currentTree ├─┬ socket.io-adapter@0.4.0
59 silly currentTree │ └─┬ socket.io-parser@2.2.2
59 silly currentTree │   └── debug@0.7.4
59 silly currentTree ├─┬ socket.io-client@1.4.8
59 silly currentTree │ └── component-emitter@1.2.0
59 silly currentTree ├─┬ socket.io-parser@2.2.6
59 silly currentTree │ └── json3@3.3.2
59 silly currentTree ├── socket.io@1.4.8
59 silly currentTree ├── statuses@1.3.0
59 silly currentTree ├── sweetalert@1.1.3
59 silly currentTree ├── to-array@0.1.4
59 silly currentTree ├── type-is@1.6.13
59 silly currentTree ├── ultron@1.0.2
59 silly currentTree ├── unpipe@1.0.0
59 silly currentTree ├── utf8@2.1.0
59 silly currentTree ├── utils-merge@1.0.0
59 silly currentTree ├── vary@1.1.0
59 silly currentTree ├── ws@1.1.0
59 silly currentTree ├── xmlhttprequest-ssl@1.5.1
59 silly currentTree └── yeast@0.1.2
60 silly idealTree server2@1.0.0
60 silly idealTree ├── accepts@1.3.3
60 silly idealTree ├── after@0.8.1
60 silly idealTree ├── array-flatten@1.1.1
60 silly idealTree ├── arraybuffer.slice@0.0.6
60 silly idealTree ├── backo2@1.0.2
60 silly idealTree ├── base64-arraybuffer@0.1.2
60 silly idealTree ├── base64id@0.1.0
60 silly idealTree ├── benchmark@1.0.0
60 silly idealTree ├── better-assert@1.0.2
60 silly idealTree ├── blob@0.0.4
60 silly idealTree ├── callsite@1.0.0
60 silly idealTree ├── component-bind@1.0.0
60 silly idealTree ├── component-emitter@1.1.2
60 silly idealTree ├── component-inherit@0.0.3
60 silly idealTree ├── content-disposition@0.5.1
60 silly idealTree ├── content-type@1.0.2
60 silly idealTree ├── cookie-signature@1.0.6
60 silly idealTree ├── cookie@0.3.1
60 silly idealTree ├── debug@2.2.0
60 silly idealTree ├── depd@1.1.0
60 silly idealTree ├── destroy@1.0.4
60 silly idealTree ├── ee-first@1.1.1
60 silly idealTree ├── encodeurl@1.0.1
60 silly idealTree ├─┬ engine.io-client@1.6.11
60 silly idealTree │ └── ws@1.0.1
60 silly idealTree ├─┬ engine.io-parser@1.2.4
60 silly idealTree │ └── has-binary@0.1.6
60 silly idealTree ├─┬ engine.io@1.6.11
60 silly idealTree │ ├── accepts@1.1.4
60 silly idealTree │ ├── mime-db@1.12.0
60 silly idealTree │ ├── mime-types@2.0.14
60 silly idealTree │ └── negotiator@0.4.9
60 silly idealTree ├── escape-html@1.0.3
60 silly idealTree ├── etag@1.7.0
60 silly idealTree ├── express@4.14.0
60 silly idealTree ├── finalhandler@0.5.0
60 silly idealTree ├── forwarded@0.1.0
60 silly idealTree ├── fresh@0.3.0
60 silly idealTree ├── has-binary@0.1.7
60 silly idealTree ├── has-cors@1.1.0
60 silly idealTree ├── http-errors@1.5.0
60 silly idealTree ├── indexof@0.0.1
60 silly idealTree ├── inherits@2.0.1
60 silly idealTree ├── ipaddr.js@1.1.1
60 silly idealTree ├── isarray@0.0.1
60 silly idealTree ├── json3@3.2.6
60 silly idealTree ├── media-typer@0.3.0
60 silly idealTree ├── merge-descriptors@1.0.1
60 silly idealTree ├── methods@1.1.2
60 silly idealTree ├── mime-db@1.23.0
60 silly idealTree ├── mime-types@2.1.11
60 silly idealTree ├── mime@1.3.4
60 silly idealTree ├── ms@0.7.1
60 silly idealTree ├── negotiator@0.6.1
60 silly idealTree ├── object-component@0.0.3
60 silly idealTree ├── on-finished@2.3.0
60 silly idealTree ├── options@0.0.6
60 silly idealTree ├── parsejson@0.0.1
60 silly idealTree ├── parseqs@0.0.2
60 silly idealTree ├── parseuri@0.0.4
60 silly idealTree ├── parseurl@1.3.1
60 silly idealTree ├── path-to-regexp@0.1.7
60 silly idealTree ├── proxy-addr@1.1.2
60 silly idealTree ├── qs@6.2.0
60 silly idealTree ├── range-parser@1.2.0
60 silly idealTree ├── send@0.14.1
60 silly idealTree ├── serve-static@1.11.1
60 silly idealTree ├── setprototypeof@1.0.1
60 silly idealTree ├─┬ socket.io-adapter@0.4.0
60 silly idealTree │ └─┬ socket.io-parser@2.2.2
60 silly idealTree │   └── debug@0.7.4
60 silly idealTree ├─┬ socket.io-client@1.4.8
60 silly idealTree │ └── component-emitter@1.2.0
60 silly idealTree ├─┬ socket.io-parser@2.2.6
60 silly idealTree │ └── json3@3.3.2
60 silly idealTree ├── socket.io@1.4.8
60 silly idealTree ├── statuses@1.3.0
60 silly idealTree ├── sweetalert@1.1.3
60 silly idealTree ├── to-array@0.1.4
60 silly idealTree ├── type-is@1.6.13
60 silly idealTree ├── ultron@1.0.2
60 silly idealTree ├── unpipe@1.0.0
60 silly idealTree ├── utf8@2.1.0
60 silly idealTree ├── utils-merge@1.0.0
60 silly idealTree ├── vary@1.1.0
60 silly idealTree ├── ws@1.1.0
60 silly idealTree ├── xmlhttprequest-ssl@1.5.1
60 silly idealTree └── yeast@0.1.2
61 silly generateActionsToTake Starting
62 silly install generateActionsToTake
63 silly generateActionsToTake Finishing
64 silly diffTrees action count 1
65 silly diffTrees update sweetalert@1.1.3
66 silly decomposeActions action count 8
67 silly decomposeActions fetch sweetalert@1.1.3
68 silly decomposeActions extract sweetalert@1.1.3
69 silly decomposeActions preinstall sweetalert@1.1.3
70 silly decomposeActions build sweetalert@1.1.3
71 silly decomposeActions install sweetalert@1.1.3
72 silly decomposeActions postinstall sweetalert@1.1.3
73 silly decomposeActions test sweetalert@1.1.3
74 silly decomposeActions finalize sweetalert@1.1.3
75 silly executeActions Starting
76 silly install executeActions
77 silly doSerial global-install 0
78 silly doParallel fetch 1
79 verbose lock using C:\Users\Director Desarrollo\AppData\Roaming\npm-cache\_locks\staging-74fdcead49d77c66.lock for C:\xampp\htdocs\nodejs\server2\node_modules\.staging
80 silly doParallel extract 1
81 silly extract sweetalert@1.1.3
82 verbose unbuild node_modules\.staging\sweetalert-ea16e618783fe5e42c7fd5dea1165419
83 silly gentlyRm C:\xampp\htdocs\nodejs\server2\node_modules\.staging\sweetalert-ea16e618783fe5e42c7fd5dea1165419 is being purged from base C:\xampp\htdocs\nodejs\server2
84 verbose gentlyRm don't care about contents; nuking C:\xampp\htdocs\nodejs\server2\node_modules\.staging\sweetalert-ea16e618783fe5e42c7fd5dea1165419
85 verbose tar unpack C:\Users\Director Desarrollo\AppData\Roaming\npm-cache\sweetalert\1.1.3\package.tgz
86 verbose tar unpacking to C:\xampp\htdocs\nodejs\server2\node_modules\.staging\sweetalert-ea16e618783fe5e42c7fd5dea1165419
87 silly gentlyRm C:\xampp\htdocs\nodejs\server2\node_modules\.staging\sweetalert-ea16e618783fe5e42c7fd5dea1165419 is being purged
88 verbose gentlyRm don't care about contents; nuking C:\xampp\htdocs\nodejs\server2\node_modules\.staging\sweetalert-ea16e618783fe5e42c7fd5dea1165419
89 silly gunzTarPerm modes [ '777', '666' ]
90 silly gunzTarPerm extractEntry package.json
91 silly gunzTarPerm modified mode [ 'package.json', 420, 438 ]
92 silly gunzTarPerm extractEntry .npmignore
93 silly gunzTarPerm modified mode [ '.npmignore', 420, 438 ]
94 silly gunzTarPerm extractEntry README.md
95 silly gunzTarPerm modified mode [ 'README.md', 420, 438 ]
96 silly gunzTarPerm extractEntry LICENSE
97 silly gunzTarPerm modified mode [ 'LICENSE', 420, 438 ]
98 silly gunzTarPerm extractEntry gulpfile.js
99 silly gunzTarPerm modified mode [ 'gulpfile.js', 420, 438 ]
100 silly gunzTarPerm extractEntry dev/gulpfile-wrap-template.js
101 silly gunzTarPerm modified mode [ 'dev/gulpfile-wrap-template.js', 420, 438 ]
102 silly gunzTarPerm extractEntry dev/sweetalert.es6.js
103 silly gunzTarPerm modified mode [ 'dev/sweetalert.es6.js', 420, 438 ]
104 silly gunzTarPerm extractEntry dev/ie9.css
105 silly gunzTarPerm modified mode [ 'dev/ie9.css', 420, 438 ]
106 silly gunzTarPerm extractEntry dev/loader-animation.css
107 silly gunzTarPerm modified mode [ 'dev/loader-animation.css', 420, 438 ]
108 silly gunzTarPerm extractEntry dev/modules/default-params.js
109 silly gunzTarPerm modified mode [ 'dev/modules/default-params.js', 420, 438 ]
110 silly gunzTarPerm extractEntry dev/modules/handle-click.js
111 silly gunzTarPerm modified mode [ 'dev/modules/handle-click.js', 420, 438 ]
112 silly gunzTarPerm extractEntry dev/modules/handle-dom.js
113 silly gunzTarPerm modified mode [ 'dev/modules/handle-dom.js', 420, 438 ]
114 silly gunzTarPerm extractEntry dev/modules/handle-key.js
115 silly gunzTarPerm modified mode [ 'dev/modules/handle-key.js', 420, 438 ]
116 silly gunzTarPerm extractEntry dev/modules/handle-swal-dom.js
117 silly gunzTarPerm modified mode [ 'dev/modules/handle-swal-dom.js', 420, 438 ]
118 silly gunzTarPerm extractEntry dev/modules/injected-html.js
119 silly gunzTarPerm modified mode [ 'dev/modules/injected-html.js', 420, 438 ]
120 silly gunzTarPerm extractEntry dev/modules/set-params.js
121 silly gunzTarPerm modified mode [ 'dev/modules/set-params.js', 420, 438 ]
122 silly gunzTarPerm extractEntry dev/modules/utils.js
123 silly gunzTarPerm modified mode [ 'dev/modules/utils.js', 420, 438 ]
124 silly gunzTarPerm extractEntry dev/sweetalert.scss
125 silly gunzTarPerm modified mode [ 'dev/sweetalert.scss', 420, 438 ]
126 silly gunzTarPerm extractEntry bower.json
127 silly gunzTarPerm modified mode [ 'bower.json', 420, 438 ]
128 silly gunzTarPerm extractEntry .editorconfig
129 silly gunzTarPerm modified mode [ '.editorconfig', 420, 438 ]
130 silly gunzTarPerm extractEntry dist/sweetalert-dev.js
131 silly gunzTarPerm modified mode [ 'dist/sweetalert-dev.js', 420, 438 ]
132 silly gunzTarPerm extractEntry dist/sweetalert.min.js
133 silly gunzTarPerm modified mode [ 'dist/sweetalert.min.js', 420, 438 ]
134 silly gunzTarPerm extractEntry dist/sweetalert.css
135 silly gunzTarPerm modified mode [ 'dist/sweetalert.css', 420, 438 ]
136 silly gunzTarPerm extractEntry example/example.css
137 silly gunzTarPerm modified mode [ 'example/example.css', 420, 438 ]
138 silly gunzTarPerm extractEntry example/example.scss
139 silly gunzTarPerm modified mode [ 'example/example.scss', 420, 438 ]
140 silly gunzTarPerm extractEntry example/images/logo_big.png
141 silly gunzTarPerm modified mode [ 'example/images/logo_big.png', 420, 438 ]
142 silly gunzTarPerm extractEntry example/images/logo_big@2x.png
143 silly gunzTarPerm modified mode [ 'example/images/logo_big@2x.png', 420, 438 ]
144 silly gunzTarPerm extractEntry example/images/logo_small.png
145 silly gunzTarPerm modified mode [ 'example/images/logo_small.png', 420, 438 ]
146 silly gunzTarPerm extractEntry example/images/logo_small@2x.png
147 silly gunzTarPerm modified mode [ 'example/images/logo_small@2x.png', 420, 438 ]
148 silly gunzTarPerm extractEntry example/images/te-logo-small.svg
149 silly gunzTarPerm modified mode [ 'example/images/te-logo-small.svg', 420, 438 ]
150 silly gunzTarPerm extractEntry example/images/thumbs-up.jpg
151 silly gunzTarPerm modified mode [ 'example/images/thumbs-up.jpg', 384, 438 ]
152 silly gunzTarPerm extractEntry example/images/vs_icon.png
153 silly gunzTarPerm modified mode [ 'example/images/vs_icon.png', 420, 438 ]
154 silly gunzTarPerm extractEntry example/images/vs_icon@2x.png
155 silly gunzTarPerm modified mode [ 'example/images/vs_icon@2x.png', 420, 438 ]
156 silly gunzTarPerm extractEntry .jshintrc
157 silly gunzTarPerm modified mode [ '.jshintrc', 420, 438 ]
158 silly gunzTarPerm extractEntry index.html
159 silly gunzTarPerm modified mode [ 'index.html', 420, 438 ]
160 silly gunzTarPerm extractEntry lib/sweetalert.js
161 silly gunzTarPerm modified mode [ 'lib/sweetalert.js', 420, 438 ]
162 silly gunzTarPerm extractEntry lib/modules/default-params.js
163 silly gunzTarPerm modified mode [ 'lib/modules/default-params.js', 420, 438 ]
164 silly gunzTarPerm extractEntry lib/modules/handle-click.js
165 silly gunzTarPerm modified mode [ 'lib/modules/handle-click.js', 420, 438 ]
166 silly gunzTarPerm extractEntry lib/modules/handle-dom.js
167 silly gunzTarPerm modified mode [ 'lib/modules/handle-dom.js', 420, 438 ]
168 silly gunzTarPerm extractEntry lib/modules/handle-key.js
169 silly gunzTarPerm modified mode [ 'lib/modules/handle-key.js', 420, 438 ]
170 silly gunzTarPerm extractEntry lib/modules/handle-swal-dom.js
171 silly gunzTarPerm modified mode [ 'lib/modules/handle-swal-dom.js', 420, 438 ]
172 silly gunzTarPerm extractEntry lib/modules/injected-html.js
173 silly gunzTarPerm modified mode [ 'lib/modules/injected-html.js', 420, 438 ]
174 silly gunzTarPerm extractEntry lib/modules/set-params.js
175 silly gunzTarPerm modified mode [ 'lib/modules/set-params.js', 420, 438 ]
176 silly gunzTarPerm extractEntry lib/modules/utils.js
177 silly gunzTarPerm modified mode [ 'lib/modules/utils.js', 420, 438 ]
178 silly gunzTarPerm extractEntry test/tests.js
179 silly gunzTarPerm modified mode [ 'test/tests.js', 420, 438 ]
180 silly gunzTarPerm extractEntry test/index.html
181 silly gunzTarPerm modified mode [ 'test/index.html', 420, 438 ]
182 silly gunzTarPerm extractEntry .travis.yml
183 silly gunzTarPerm modified mode [ '.travis.yml', 420, 438 ]
184 silly gunzTarPerm extractEntry sweetalert.gif
185 silly gunzTarPerm modified mode [ 'sweetalert.gif', 420, 438 ]
186 silly gunzTarPerm extractEntry themes/facebook/facebook.css
187 silly gunzTarPerm modified mode [ 'themes/facebook/facebook.css', 420, 438 ]
188 silly gunzTarPerm extractEntry themes/facebook/facebook.scss
189 silly gunzTarPerm modified mode [ 'themes/facebook/facebook.scss', 420, 438 ]
190 silly gunzTarPerm extractEntry themes/google/google.css
191 silly gunzTarPerm modified mode [ 'themes/google/google.css', 420, 438 ]
192 silly gunzTarPerm extractEntry themes/google/google.scss
193 silly gunzTarPerm modified mode [ 'themes/google/google.scss', 420, 438 ]
194 silly gunzTarPerm extractEntry themes/twitter/twitter.css
195 silly gunzTarPerm modified mode [ 'themes/twitter/twitter.css', 420, 438 ]
196 silly gunzTarPerm extractEntry themes/twitter/twitter.scss
197 silly gunzTarPerm modified mode [ 'themes/twitter/twitter.scss', 420, 438 ]
198 silly doParallel preinstall 1
199 silly preinstall sweetalert@1.1.3 C:\xampp\htdocs\nodejs\server2\node_modules\.staging\sweetalert-ea16e618783fe5e42c7fd5dea1165419
200 info lifecycle sweetalert@1.1.3~preinstall: sweetalert@1.1.3
201 silly lifecycle sweetalert@1.1.3~preinstall: no script for preinstall, continuing
202 silly doReverseSerial remove 0
203 silly doSerial move 0
204 silly doSerial finalize 1
205 silly finalize C:\xampp\htdocs\nodejs\server2\node_modules\sweetalert
206 verbose unlock done using C:\Users\Director Desarrollo\AppData\Roaming\npm-cache\_locks\staging-74fdcead49d77c66.lock for C:\xampp\htdocs\nodejs\server2\node_modules\.staging
207 silly rollbackFailedOptional Starting
208 silly rollbackFailedOptional Finishing
209 silly runTopLevelLifecycles Starting
210 silly runTopLevelLifecycles Finishing
211 silly install printInstalled
212 warn EPACKAGEJSON server2@1.0.0 No description
213 warn EPACKAGEJSON server2@1.0.0 No repository field.
214 verbose stack Error: EPERM: operation not permitted, rename 'C:\xampp\htdocs\nodejs\server2\node_modules\sweetalert' -> 'C:\xampp\htdocs\nodejs\server2\node_modules\.sweetalert.DELETE'
214 verbose stack     at Error (native)
215 verbose cwd C:\xampp\htdocs\nodejs\server2
216 error Windows_NT 10.0.10586
217 error argv "C:\\Program Files (x86)\\nodejs\\node.exe" "C:\\Program Files (x86)\\nodejs\\node_modules\\npm\\bin\\npm-cli.js" "install" "sweetalert"
218 error node v5.5.0
219 error npm  v3.3.12
220 error path C:\xampp\htdocs\nodejs\server2\node_modules\sweetalert
221 error code EPERM
222 error errno -4048
223 error syscall rename
224 error Error: EPERM: operation not permitted, rename 'C:\xampp\htdocs\nodejs\server2\node_modules\sweetalert' -> 'C:\xampp\htdocs\nodejs\server2\node_modules\.sweetalert.DELETE'
224 error     at Error (native)
224 error  { [Error: EPERM: operation not permitted, rename 'C:\xampp\htdocs\nodejs\server2\node_modules\sweetalert' -> 'C:\xampp\htdocs\nodejs\server2\node_modules\.sweetalert.DELETE']
224 error   errno: -4048,
224 error   code: 'EPERM',
224 error   syscall: 'rename',
224 error   path: 'C:\\xampp\\htdocs\\nodejs\\server2\\node_modules\\sweetalert',
224 error   dest: 'C:\\xampp\\htdocs\\nodejs\\server2\\node_modules\\.sweetalert.DELETE',
224 error   parent: 'server2' }
225 error Please try running this command again as root/Administrator.
226 verbose exit [ -4048, true ]
